mode: atomic
github.com/plasmatrip/avito_merch/cmd/main.go:17.13,24.16 4 0
github.com/plasmatrip/avito_merch/cmd/main.go:24.16,25.13 1 0
github.com/plasmatrip/avito_merch/cmd/main.go:29.2,30.16 2 0
github.com/plasmatrip/avito_merch/cmd/main.go:30.16,31.13 1 0
github.com/plasmatrip/avito_merch/cmd/main.go:33.2,37.16 3 0
github.com/plasmatrip/avito_merch/cmd/main.go:37.16,40.3 2 0
github.com/plasmatrip/avito_merch/cmd/main.go:41.2,44.37 2 0
github.com/plasmatrip/avito_merch/cmd/main.go:44.37,47.3 2 0
github.com/plasmatrip/avito_merch/cmd/main.go:50.2,55.49 1 0
github.com/plasmatrip/avito_merch/cmd/main.go:55.49,58.4 2 0
github.com/plasmatrip/avito_merch/cmd/main.go:61.2,70.12 5 0
github.com/plasmatrip/avito_merch/internal/logger/logger.go:16.47,21.28 4 0
github.com/plasmatrip/avito_merch/internal/logger/logger.go:21.28,24.3 2 0
github.com/plasmatrip/avito_merch/internal/logger/logger.go:26.2,28.51 3 0
github.com/plasmatrip/avito_merch/internal/logger/logger.go:32.26,34.2 1 0
github.com/plasmatrip/avito_merch/internal/api/middleware/with_authentication.go:16.101,17.46 1 0
github.com/plasmatrip/avito_merch/internal/api/middleware/with_authentication.go:17.46,18.54 1 0
github.com/plasmatrip/avito_merch/internal/api/middleware/with_authentication.go:18.54,20.24 2 0
github.com/plasmatrip/avito_merch/internal/api/middleware/with_authentication.go:20.24,24.5 3 0
github.com/plasmatrip/avito_merch/internal/api/middleware/with_authentication.go:26.4,27.47 2 0
github.com/plasmatrip/avito_merch/internal/api/middleware/with_authentication.go:27.47,31.5 3 0
github.com/plasmatrip/avito_merch/internal/api/middleware/with_authentication.go:33.4,38.45 3 0
github.com/plasmatrip/avito_merch/internal/api/middleware/with_authentication.go:38.45,39.57 1 0
github.com/plasmatrip/avito_merch/internal/api/middleware/with_authentication.go:39.57,41.7 1 0
github.com/plasmatrip/avito_merch/internal/api/middleware/with_authentication.go:42.6,42.37 1 0
github.com/plasmatrip/avito_merch/internal/api/middleware/with_authentication.go:45.4,45.18 1 0
github.com/plasmatrip/avito_merch/internal/api/middleware/with_authentication.go:45.18,49.5 3 0
github.com/plasmatrip/avito_merch/internal/api/middleware/with_authentication.go:51.4,51.20 1 0
github.com/plasmatrip/avito_merch/internal/api/middleware/with_authentication.go:51.20,55.5 3 0
github.com/plasmatrip/avito_merch/internal/api/middleware/with_authentication.go:57.4,59.41 2 0
github.com/plasmatrip/avito_merch/internal/api/middleware/with_authentication.go:61.3,61.30 1 0
github.com/plasmatrip/avito_merch/internal/api/middleware/with_compression.go:17.63,23.2 2 0
github.com/plasmatrip/avito_merch/internal/api/middleware/with_compression.go:25.47,27.2 1 0
github.com/plasmatrip/avito_merch/internal/api/middleware/with_compression.go:29.58,31.2 1 0
github.com/plasmatrip/avito_merch/internal/api/middleware/with_compression.go:33.54,36.2 2 0
github.com/plasmatrip/avito_merch/internal/api/middleware/with_compression.go:38.40,40.2 1 0
github.com/plasmatrip/avito_merch/internal/api/middleware/with_compression.go:47.66,49.16 2 0
github.com/plasmatrip/avito_merch/internal/api/middleware/with_compression.go:49.16,51.3 1 0
github.com/plasmatrip/avito_merch/internal/api/middleware/with_compression.go:53.2,56.8 1 0
github.com/plasmatrip/avito_merch/internal/api/middleware/with_compression.go:59.57,61.2 1 0
github.com/plasmatrip/avito_merch/internal/api/middleware/with_compression.go:63.40,64.36 1 0
github.com/plasmatrip/avito_merch/internal/api/middleware/with_compression.go:64.36,66.3 1 0
github.com/plasmatrip/avito_merch/internal/api/middleware/with_compression.go:67.2,67.21 1 0
github.com/plasmatrip/avito_merch/internal/api/middleware/with_compression.go:71.78,74.46 2 0
github.com/plasmatrip/avito_merch/internal/api/middleware/with_compression.go:74.46,75.54 1 0
github.com/plasmatrip/avito_merch/internal/api/middleware/with_compression.go:75.54,80.19 4 0
github.com/plasmatrip/avito_merch/internal/api/middleware/with_compression.go:80.19,82.18 2 0
github.com/plasmatrip/avito_merch/internal/api/middleware/with_compression.go:82.18,83.39 1 0
github.com/plasmatrip/avito_merch/internal/api/middleware/with_compression.go:83.39,85.7 1 0
github.com/plasmatrip/avito_merch/internal/api/middleware/with_compression.go:87.5,87.12 1 0
github.com/plasmatrip/avito_merch/internal/api/middleware/with_compression.go:91.4,93.17 3 0
github.com/plasmatrip/avito_merch/internal/api/middleware/with_compression.go:93.17,95.19 2 0
github.com/plasmatrip/avito_merch/internal/api/middleware/with_compression.go:95.19,99.6 3 0
github.com/plasmatrip/avito_merch/internal/api/middleware/with_compression.go:100.5,100.18 1 0
github.com/plasmatrip/avito_merch/internal/api/middleware/with_compression.go:100.18,101.39 1 0
github.com/plasmatrip/avito_merch/internal/api/middleware/with_compression.go:101.39,103.7 1 0
github.com/plasmatrip/avito_merch/internal/api/middleware/with_compression.go:105.5,105.16 1 0
github.com/plasmatrip/avito_merch/internal/api/middleware/with_compression.go:108.4,108.25 1 0
github.com/plasmatrip/avito_merch/internal/api/middleware/with_compression.go:110.3,110.30 1 0
github.com/plasmatrip/avito_merch/internal/api/middleware/with_limitter.go:11.75,13.46 2 0
github.com/plasmatrip/avito_merch/internal/api/middleware/with_limitter.go:13.46,14.72 1 0
github.com/plasmatrip/avito_merch/internal/api/middleware/with_limitter.go:14.72,15.24 1 0
github.com/plasmatrip/avito_merch/internal/api/middleware/with_limitter.go:15.24,19.5 3 0
github.com/plasmatrip/avito_merch/internal/api/middleware/with_limitter.go:21.4,21.24 1 0
github.com/plasmatrip/avito_merch/internal/api/middleware/with_logging.go:22.62,26.2 3 0
github.com/plasmatrip/avito_merch/internal/api/middleware/with_logging.go:28.57,31.2 1 0
github.com/plasmatrip/avito_merch/internal/api/middleware/with_logging.go:34.74,37.46 2 0
github.com/plasmatrip/avito_merch/internal/api/middleware/with_logging.go:37.46,39.54 1 0
github.com/plasmatrip/avito_merch/internal/api/middleware/with_logging.go:39.54,56.20 7 0
github.com/plasmatrip/avito_merch/internal/api/middleware/with_logging.go:57.24,58.159 1 0
github.com/plasmatrip/avito_merch/internal/api/middleware/with_logging.go:59.25,61.92 1 0
github.com/plasmatrip/avito_merch/internal/api/middleware/with_logging.go:64.4,64.31 1 0
github.com/plasmatrip/avito_merch/internal/api/middleware/with_logging.go:66.3,66.30 1 0
github.com/plasmatrip/avito_merch/internal/config/config.go:31.36,39.16 3 0
github.com/plasmatrip/avito_merch/internal/config/config.go:39.16,41.3 1 0
github.com/plasmatrip/avito_merch/internal/config/config.go:44.2,44.66 1 0
github.com/plasmatrip/avito_merch/internal/config/config.go:44.66,46.3 1 0
github.com/plasmatrip/avito_merch/internal/config/config.go:49.2,49.39 1 0
github.com/plasmatrip/avito_merch/internal/config/config.go:49.39,51.3 1 0
github.com/plasmatrip/avito_merch/internal/config/config.go:53.2,53.53 1 0
github.com/plasmatrip/avito_merch/internal/config/config.go:53.53,55.3 1 0
github.com/plasmatrip/avito_merch/internal/config/config.go:57.2,57.54 1 0
github.com/plasmatrip/avito_merch/internal/config/config.go:57.54,59.3 1 0
github.com/plasmatrip/avito_merch/internal/config/config.go:61.2,61.51 1 0
github.com/plasmatrip/avito_merch/internal/config/config.go:61.51,63.3 1 0
github.com/plasmatrip/avito_merch/internal/config/config.go:65.2,65.54 1 0
github.com/plasmatrip/avito_merch/internal/config/config.go:65.54,67.3 1 0
github.com/plasmatrip/avito_merch/internal/config/config.go:69.2,69.17 1 0
github.com/plasmatrip/avito_merch/internal/router/router.go:14.101,21.37 4 0
github.com/plasmatrip/avito_merch/internal/router/router.go:21.37,26.3 4 0
github.com/plasmatrip/avito_merch/internal/router/router.go:28.2,28.10 1 0
github.com/plasmatrip/avito_merch/internal/api/handlers/auth.go:18.65,21.65 2 0
github.com/plasmatrip/avito_merch/internal/api/handlers/auth.go:21.65,25.3 3 0
github.com/plasmatrip/avito_merch/internal/api/handlers/auth.go:27.2,27.54 1 0
github.com/plasmatrip/avito_merch/internal/api/handlers/auth.go:27.54,31.3 3 0
github.com/plasmatrip/avito_merch/internal/api/handlers/auth.go:33.2,34.16 2 0
github.com/plasmatrip/avito_merch/internal/api/handlers/auth.go:34.16,35.45 1 0
github.com/plasmatrip/avito_merch/internal/api/handlers/auth.go:35.45,36.46 1 0
github.com/plasmatrip/avito_merch/internal/api/handlers/auth.go:36.46,40.5 3 0
github.com/plasmatrip/avito_merch/internal/api/handlers/auth.go:43.3,45.9 3 0
github.com/plasmatrip/avito_merch/internal/api/handlers/auth.go:48.2,49.16 2 0
github.com/plasmatrip/avito_merch/internal/api/handlers/auth.go:49.16,53.3 3 0
github.com/plasmatrip/avito_merch/internal/api/handlers/auth.go:55.2,55.84 1 0
github.com/plasmatrip/avito_merch/internal/api/handlers/auth.go:55.84,59.3 3 0
github.com/plasmatrip/avito_merch/internal/api/handlers/auth.go:61.2,62.30 2 0
github.com/plasmatrip/avito_merch/internal/api/handlers/auth.go:65.78,77.16 4 0
github.com/plasmatrip/avito_merch/internal/api/handlers/auth.go:77.16,79.3 1 0
github.com/plasmatrip/avito_merch/internal/api/handlers/auth.go:81.2,81.15 1 0
github.com/plasmatrip/avito_merch/internal/api/handlers/buy.go:10.64,14.20 3 2
github.com/plasmatrip/avito_merch/internal/api/handlers/buy.go:14.20,18.3 3 0
github.com/plasmatrip/avito_merch/internal/api/handlers/buy.go:20.2,21.16 2 2
github.com/plasmatrip/avito_merch/internal/api/handlers/buy.go:21.16,34.3 3 1
github.com/plasmatrip/avito_merch/internal/api/handlers/buy.go:35.2,35.30 1 1
github.com/plasmatrip/avito_merch/internal/api/handlers/handlers.go:20.87,26.2 1 0
github.com/plasmatrip/avito_merch/internal/api/handlers/handlers.go:28.51,31.9 2 7
github.com/plasmatrip/avito_merch/internal/api/handlers/handlers.go:31.9,33.3 1 0
github.com/plasmatrip/avito_merch/internal/api/handlers/handlers.go:34.2,35.9 2 7
github.com/plasmatrip/avito_merch/internal/api/handlers/handlers.go:35.9,37.3 1 0
github.com/plasmatrip/avito_merch/internal/api/handlers/handlers.go:39.2,42.44 4 7
github.com/plasmatrip/avito_merch/internal/api/handlers/info.go:10.65,14.16 3 2
github.com/plasmatrip/avito_merch/internal/api/handlers/info.go:14.16,27.3 3 1
github.com/plasmatrip/avito_merch/internal/api/handlers/info.go:29.2,30.16 2 1
github.com/plasmatrip/avito_merch/internal/api/handlers/info.go:30.16,34.3 3 0
github.com/plasmatrip/avito_merch/internal/api/handlers/info.go:36.2,37.30 2 1
github.com/plasmatrip/avito_merch/internal/api/handlers/send_coin.go:11.69,14.64 2 6
github.com/plasmatrip/avito_merch/internal/api/handlers/send_coin.go:14.64,18.3 3 0
github.com/plasmatrip/avito_merch/internal/api/handlers/send_coin.go:20.2,20.43 1 6
github.com/plasmatrip/avito_merch/internal/api/handlers/send_coin.go:20.43,24.3 3 1
github.com/plasmatrip/avito_merch/internal/api/handlers/send_coin.go:26.2,26.20 1 5
github.com/plasmatrip/avito_merch/internal/api/handlers/send_coin.go:26.20,30.3 3 1
github.com/plasmatrip/avito_merch/internal/api/handlers/send_coin.go:32.2,35.16 3 4
github.com/plasmatrip/avito_merch/internal/api/handlers/send_coin.go:35.16,49.3 3 3
github.com/plasmatrip/avito_merch/internal/api/handlers/send_coin.go:50.2,50.30 1 1
github.com/plasmatrip/avito_merch/internal/config/config.go:31.36,39.16 3 0
github.com/plasmatrip/avito_merch/internal/config/config.go:39.16,41.3 1 0
github.com/plasmatrip/avito_merch/internal/config/config.go:44.2,44.66 1 0
github.com/plasmatrip/avito_merch/internal/config/config.go:44.66,46.3 1 0
github.com/plasmatrip/avito_merch/internal/config/config.go:49.2,49.39 1 0
github.com/plasmatrip/avito_merch/internal/config/config.go:49.39,51.3 1 0
github.com/plasmatrip/avito_merch/internal/config/config.go:53.2,53.53 1 0
github.com/plasmatrip/avito_merch/internal/config/config.go:53.53,55.3 1 0
github.com/plasmatrip/avito_merch/internal/config/config.go:57.2,57.54 1 0
github.com/plasmatrip/avito_merch/internal/config/config.go:57.54,59.3 1 0
github.com/plasmatrip/avito_merch/internal/config/config.go:61.2,61.51 1 0
github.com/plasmatrip/avito_merch/internal/config/config.go:61.51,63.3 1 0
github.com/plasmatrip/avito_merch/internal/config/config.go:65.2,65.54 1 0
github.com/plasmatrip/avito_merch/internal/config/config.go:65.54,67.3 1 0
github.com/plasmatrip/avito_merch/internal/config/config.go:69.2,69.17 1 0
github.com/plasmatrip/avito_merch/internal/logger/logger.go:16.47,21.28 4 1
github.com/plasmatrip/avito_merch/internal/logger/logger.go:21.28,24.3 2 1
github.com/plasmatrip/avito_merch/internal/logger/logger.go:26.2,28.51 3 1
github.com/plasmatrip/avito_merch/internal/logger/logger.go:32.26,34.2 1 0
github.com/plasmatrip/avito_merch/internal/logger/logger.go:16.47,21.28 4 1
github.com/plasmatrip/avito_merch/internal/logger/logger.go:21.28,24.3 2 1
github.com/plasmatrip/avito_merch/internal/logger/logger.go:26.2,28.51 3 1
github.com/plasmatrip/avito_merch/internal/logger/logger.go:32.26,34.2 1 0
github.com/plasmatrip/avito_merch/internal/storage/db/db.go:40.93,43.16 2 1
github.com/plasmatrip/avito_merch/internal/storage/db/db.go:43.16,44.43 1 0
github.com/plasmatrip/avito_merch/internal/storage/db/db.go:44.43,46.4 1 0
github.com/plasmatrip/avito_merch/internal/storage/db/db.go:46.9,48.4 1 0
github.com/plasmatrip/avito_merch/internal/storage/db/db.go:49.8,51.3 1 1
github.com/plasmatrip/avito_merch/internal/storage/db/db.go:54.2,56.16 2 1
github.com/plasmatrip/avito_merch/internal/storage/db/db.go:56.16,58.3 1 0
github.com/plasmatrip/avito_merch/internal/storage/db/db.go:64.2,67.8 1 1
github.com/plasmatrip/avito_merch/internal/storage/db/db.go:74.39,76.16 2 1
github.com/plasmatrip/avito_merch/internal/storage/db/db.go:76.16,78.3 1 0
github.com/plasmatrip/avito_merch/internal/storage/db/db.go:80.2,81.16 2 1
github.com/plasmatrip/avito_merch/internal/storage/db/db.go:81.16,83.3 1 0
github.com/plasmatrip/avito_merch/internal/storage/db/db.go:84.2,84.31 1 1
github.com/plasmatrip/avito_merch/internal/storage/db/db.go:84.31,85.43 1 0
github.com/plasmatrip/avito_merch/internal/storage/db/db.go:85.43,87.4 1 0
github.com/plasmatrip/avito_merch/internal/storage/db/db.go:88.3,88.13 1 0
github.com/plasmatrip/avito_merch/internal/storage/db/db.go:90.2,90.12 1 1
github.com/plasmatrip/avito_merch/internal/storage/db/db.go:176.53,178.2 1 1
github.com/plasmatrip/avito_merch/internal/storage/db/db.go:181.29,183.2 1 0
github.com/plasmatrip/avito_merch/internal/storage/db/db.go:186.95,191.16 4 8
github.com/plasmatrip/avito_merch/internal/storage/db/db.go:191.16,192.37 1 5
github.com/plasmatrip/avito_merch/internal/storage/db/db.go:192.37,194.4 1 0
github.com/plasmatrip/avito_merch/internal/storage/db/db.go:197.2,198.16 2 8
github.com/plasmatrip/avito_merch/internal/storage/db/db.go:198.16,200.3 1 0
github.com/plasmatrip/avito_merch/internal/storage/db/db.go:202.2,206.70 4 8
github.com/plasmatrip/avito_merch/internal/storage/db/db.go:206.70,208.3 1 5
github.com/plasmatrip/avito_merch/internal/storage/db/db.go:210.2,210.20 1 3
github.com/plasmatrip/avito_merch/internal/storage/db/db.go:214.99,216.16 2 8
github.com/plasmatrip/avito_merch/internal/storage/db/db.go:216.16,218.3 1 3
github.com/plasmatrip/avito_merch/internal/storage/db/db.go:220.2,232.16 6 5
github.com/plasmatrip/avito_merch/internal/storage/db/db.go:232.16,234.3 1 0
github.com/plasmatrip/avito_merch/internal/storage/db/db.go:236.2,236.16 1 5
github.com/plasmatrip/avito_merch/internal/storage/db/db.go:240.87,247.16 4 3
github.com/plasmatrip/avito_merch/internal/storage/db/db.go:247.16,248.27 1 1
github.com/plasmatrip/avito_merch/internal/storage/db/db.go:248.27,250.4 1 1
github.com/plasmatrip/avito_merch/internal/storage/db/db.go:251.3,251.13 1 0
github.com/plasmatrip/avito_merch/internal/storage/db/db.go:254.2,258.16 3 2
github.com/plasmatrip/avito_merch/internal/storage/db/db.go:258.16,259.27 1 0
github.com/plasmatrip/avito_merch/internal/storage/db/db.go:259.27,261.4 1 0
github.com/plasmatrip/avito_merch/internal/storage/db/db.go:262.3,262.13 1 0
github.com/plasmatrip/avito_merch/internal/storage/db/db.go:265.2,265.30 1 2
github.com/plasmatrip/avito_merch/internal/storage/db/db.go:265.30,267.3 1 0
github.com/plasmatrip/avito_merch/internal/storage/db/db.go:269.2,275.16 2 2
github.com/plasmatrip/avito_merch/internal/storage/db/db.go:275.16,277.3 1 0
github.com/plasmatrip/avito_merch/internal/storage/db/db.go:279.2,279.28 1 2
github.com/plasmatrip/avito_merch/internal/storage/db/db.go:279.28,281.3 1 0
github.com/plasmatrip/avito_merch/internal/storage/db/db.go:283.2,283.12 1 2
github.com/plasmatrip/avito_merch/internal/storage/db/db.go:287.109,294.16 3 7
github.com/plasmatrip/avito_merch/internal/storage/db/db.go:294.16,295.27 1 1
github.com/plasmatrip/avito_merch/internal/storage/db/db.go:295.27,297.4 1 1
github.com/plasmatrip/avito_merch/internal/storage/db/db.go:298.3,298.13 1 0
github.com/plasmatrip/avito_merch/internal/storage/db/db.go:302.2,302.35 1 6
github.com/plasmatrip/avito_merch/internal/storage/db/db.go:302.35,304.3 1 1
github.com/plasmatrip/avito_merch/internal/storage/db/db.go:306.2,311.16 3 5
github.com/plasmatrip/avito_merch/internal/storage/db/db.go:311.16,312.27 1 1
github.com/plasmatrip/avito_merch/internal/storage/db/db.go:312.27,314.4 1 1
github.com/plasmatrip/avito_merch/internal/storage/db/db.go:315.3,315.13 1 0
github.com/plasmatrip/avito_merch/internal/storage/db/db.go:319.2,319.24 1 4
github.com/plasmatrip/avito_merch/internal/storage/db/db.go:319.24,321.3 1 1
github.com/plasmatrip/avito_merch/internal/storage/db/db.go:324.2,325.16 2 3
github.com/plasmatrip/avito_merch/internal/storage/db/db.go:325.16,327.3 1 0
github.com/plasmatrip/avito_merch/internal/storage/db/db.go:330.2,330.21 1 3
github.com/plasmatrip/avito_merch/internal/storage/db/db.go:330.21,332.3 1 3
github.com/plasmatrip/avito_merch/internal/storage/db/db.go:335.2,339.16 2 3
github.com/plasmatrip/avito_merch/internal/storage/db/db.go:339.16,341.3 1 0
github.com/plasmatrip/avito_merch/internal/storage/db/db.go:344.2,348.16 2 3
github.com/plasmatrip/avito_merch/internal/storage/db/db.go:348.16,350.3 1 0
github.com/plasmatrip/avito_merch/internal/storage/db/db.go:353.2,358.16 2 3
github.com/plasmatrip/avito_merch/internal/storage/db/db.go:358.16,360.3 1 0
github.com/plasmatrip/avito_merch/internal/storage/db/db.go:362.2,363.16 2 3
github.com/plasmatrip/avito_merch/internal/storage/db/db.go:363.16,365.3 1 0
github.com/plasmatrip/avito_merch/internal/storage/db/db.go:367.2,367.12 1 3
github.com/plasmatrip/avito_merch/internal/storage/db/db.go:371.93,378.16 3 2
github.com/plasmatrip/avito_merch/internal/storage/db/db.go:378.16,379.27 1 1
github.com/plasmatrip/avito_merch/internal/storage/db/db.go:379.27,381.4 1 1
github.com/plasmatrip/avito_merch/internal/storage/db/db.go:382.3,382.35 1 0
github.com/plasmatrip/avito_merch/internal/storage/db/db.go:386.2,389.16 2 1
github.com/plasmatrip/avito_merch/internal/storage/db/db.go:389.16,391.3 1 0
github.com/plasmatrip/avito_merch/internal/storage/db/db.go:393.2,394.18 2 1
github.com/plasmatrip/avito_merch/internal/storage/db/db.go:394.18,401.17 3 1
github.com/plasmatrip/avito_merch/internal/storage/db/db.go:401.17,403.4 1 0
github.com/plasmatrip/avito_merch/internal/storage/db/db.go:405.3,405.69 1 1
github.com/plasmatrip/avito_merch/internal/storage/db/db.go:407.2,413.16 3 1
github.com/plasmatrip/avito_merch/internal/storage/db/db.go:413.16,415.3 1 0
github.com/plasmatrip/avito_merch/internal/storage/db/db.go:417.2,417.18 1 1
github.com/plasmatrip/avito_merch/internal/storage/db/db.go:417.18,425.17 3 2
github.com/plasmatrip/avito_merch/internal/storage/db/db.go:425.17,427.4 1 0
github.com/plasmatrip/avito_merch/internal/storage/db/db.go:429.3,429.33 1 2
github.com/plasmatrip/avito_merch/internal/storage/db/db.go:429.33,434.4 1 1
github.com/plasmatrip/avito_merch/internal/storage/db/db.go:434.9,439.4 1 1
github.com/plasmatrip/avito_merch/internal/storage/db/db.go:442.2,442.26 1 1
