mode: atomic
github.com/plasmatrip/avito_merch/cmd/main.go:17.13,24.16 4 0
github.com/plasmatrip/avito_merch/cmd/main.go:24.16,25.13 1 0
github.com/plasmatrip/avito_merch/cmd/main.go:29.2,30.16 2 0
github.com/plasmatrip/avito_merch/cmd/main.go:30.16,31.13 1 0
github.com/plasmatrip/avito_merch/cmd/main.go:33.2,37.16 3 0
github.com/plasmatrip/avito_merch/cmd/main.go:37.16,40.3 2 0
github.com/plasmatrip/avito_merch/cmd/main.go:41.2,44.37 2 0
github.com/plasmatrip/avito_merch/cmd/main.go:44.37,47.3 2 0
github.com/plasmatrip/avito_merch/cmd/main.go:50.2,55.49 1 0
github.com/plasmatrip/avito_merch/cmd/main.go:55.49,58.4 2 0
github.com/plasmatrip/avito_merch/cmd/main.go:61.2,70.12 5 0
github.com/plasmatrip/avito_merch/internal/api/middleware/with_authentication.go:16.101,17.46 1 0
github.com/plasmatrip/avito_merch/internal/api/middleware/with_authentication.go:17.46,18.54 1 0
github.com/plasmatrip/avito_merch/internal/api/middleware/with_authentication.go:18.54,20.24 2 0
github.com/plasmatrip/avito_merch/internal/api/middleware/with_authentication.go:20.24,24.5 3 0
github.com/plasmatrip/avito_merch/internal/api/middleware/with_authentication.go:26.4,27.47 2 0
github.com/plasmatrip/avito_merch/internal/api/middleware/with_authentication.go:27.47,31.5 3 0
github.com/plasmatrip/avito_merch/internal/api/middleware/with_authentication.go:33.4,38.45 3 0
github.com/plasmatrip/avito_merch/internal/api/middleware/with_authentication.go:38.45,39.57 1 0
github.com/plasmatrip/avito_merch/internal/api/middleware/with_authentication.go:39.57,41.7 1 0
github.com/plasmatrip/avito_merch/internal/api/middleware/with_authentication.go:42.6,42.37 1 0
github.com/plasmatrip/avito_merch/internal/api/middleware/with_authentication.go:45.4,45.18 1 0
github.com/plasmatrip/avito_merch/internal/api/middleware/with_authentication.go:45.18,49.5 3 0
github.com/plasmatrip/avito_merch/internal/api/middleware/with_authentication.go:51.4,51.20 1 0
github.com/plasmatrip/avito_merch/internal/api/middleware/with_authentication.go:51.20,55.5 3 0
github.com/plasmatrip/avito_merch/internal/api/middleware/with_authentication.go:57.4,59.41 2 0
github.com/plasmatrip/avito_merch/internal/api/middleware/with_authentication.go:61.3,61.30 1 0
github.com/plasmatrip/avito_merch/internal/api/middleware/with_compression.go:17.63,23.2 2 0
github.com/plasmatrip/avito_merch/internal/api/middleware/with_compression.go:25.47,27.2 1 0
github.com/plasmatrip/avito_merch/internal/api/middleware/with_compression.go:29.58,31.2 1 0
github.com/plasmatrip/avito_merch/internal/api/middleware/with_compression.go:33.54,36.2 2 0
github.com/plasmatrip/avito_merch/internal/api/middleware/with_compression.go:38.40,40.2 1 0
github.com/plasmatrip/avito_merch/internal/api/middleware/with_compression.go:47.66,49.16 2 0
github.com/plasmatrip/avito_merch/internal/api/middleware/with_compression.go:49.16,51.3 1 0
github.com/plasmatrip/avito_merch/internal/api/middleware/with_compression.go:53.2,56.8 1 0
github.com/plasmatrip/avito_merch/internal/api/middleware/with_compression.go:59.57,61.2 1 0
github.com/plasmatrip/avito_merch/internal/api/middleware/with_compression.go:63.40,64.36 1 0
github.com/plasmatrip/avito_merch/internal/api/middleware/with_compression.go:64.36,66.3 1 0
github.com/plasmatrip/avito_merch/internal/api/middleware/with_compression.go:67.2,67.21 1 0
github.com/plasmatrip/avito_merch/internal/api/middleware/with_compression.go:71.78,74.46 2 0
github.com/plasmatrip/avito_merch/internal/api/middleware/with_compression.go:74.46,75.54 1 0
github.com/plasmatrip/avito_merch/internal/api/middleware/with_compression.go:75.54,80.19 4 0
github.com/plasmatrip/avito_merch/internal/api/middleware/with_compression.go:80.19,82.18 2 0
github.com/plasmatrip/avito_merch/internal/api/middleware/with_compression.go:82.18,83.39 1 0
github.com/plasmatrip/avito_merch/internal/api/middleware/with_compression.go:83.39,85.7 1 0
github.com/plasmatrip/avito_merch/internal/api/middleware/with_compression.go:87.5,87.12 1 0
github.com/plasmatrip/avito_merch/internal/api/middleware/with_compression.go:91.4,93.17 3 0
github.com/plasmatrip/avito_merch/internal/api/middleware/with_compression.go:93.17,95.19 2 0
github.com/plasmatrip/avito_merch/internal/api/middleware/with_compression.go:95.19,99.6 3 0
github.com/plasmatrip/avito_merch/internal/api/middleware/with_compression.go:100.5,100.18 1 0
github.com/plasmatrip/avito_merch/internal/api/middleware/with_compression.go:100.18,101.39 1 0
github.com/plasmatrip/avito_merch/internal/api/middleware/with_compression.go:101.39,103.7 1 0
github.com/plasmatrip/avito_merch/internal/api/middleware/with_compression.go:105.5,105.16 1 0
github.com/plasmatrip/avito_merch/internal/api/middleware/with_compression.go:108.4,108.25 1 0
github.com/plasmatrip/avito_merch/internal/api/middleware/with_compression.go:110.3,110.30 1 0
github.com/plasmatrip/avito_merch/internal/api/middleware/with_limitter.go:11.75,13.46 2 0
github.com/plasmatrip/avito_merch/internal/api/middleware/with_limitter.go:13.46,14.72 1 0
github.com/plasmatrip/avito_merch/internal/api/middleware/with_limitter.go:14.72,15.24 1 0
github.com/plasmatrip/avito_merch/internal/api/middleware/with_limitter.go:15.24,19.5 3 0
github.com/plasmatrip/avito_merch/internal/api/middleware/with_limitter.go:21.4,21.24 1 0
github.com/plasmatrip/avito_merch/internal/api/middleware/with_logging.go:22.62,26.2 3 0
github.com/plasmatrip/avito_merch/internal/api/middleware/with_logging.go:28.57,31.2 1 0
github.com/plasmatrip/avito_merch/internal/api/middleware/with_logging.go:34.74,37.46 2 0
github.com/plasmatrip/avito_merch/internal/api/middleware/with_logging.go:37.46,39.54 1 0
github.com/plasmatrip/avito_merch/internal/api/middleware/with_logging.go:39.54,56.20 7 0
github.com/plasmatrip/avito_merch/internal/api/middleware/with_logging.go:57.24,58.159 1 0
github.com/plasmatrip/avito_merch/internal/api/middleware/with_logging.go:59.25,61.92 1 0
github.com/plasmatrip/avito_merch/internal/api/middleware/with_logging.go:64.4,64.31 1 0
github.com/plasmatrip/avito_merch/internal/api/middleware/with_logging.go:66.3,66.30 1 0
github.com/plasmatrip/avito_merch/internal/config/config.go:31.36,39.16 3 0
github.com/plasmatrip/avito_merch/internal/config/config.go:39.16,41.3 1 0
github.com/plasmatrip/avito_merch/internal/config/config.go:44.2,44.66 1 0
github.com/plasmatrip/avito_merch/internal/config/config.go:44.66,46.3 1 0
github.com/plasmatrip/avito_merch/internal/config/config.go:49.2,49.39 1 0
github.com/plasmatrip/avito_merch/internal/config/config.go:49.39,51.3 1 0
github.com/plasmatrip/avito_merch/internal/config/config.go:53.2,53.53 1 0
github.com/plasmatrip/avito_merch/internal/config/config.go:53.53,55.3 1 0
github.com/plasmatrip/avito_merch/internal/config/config.go:57.2,57.54 1 0
github.com/plasmatrip/avito_merch/internal/config/config.go:57.54,59.3 1 0
github.com/plasmatrip/avito_merch/internal/config/config.go:61.2,61.51 1 0
github.com/plasmatrip/avito_merch/internal/config/config.go:61.51,63.3 1 0
github.com/plasmatrip/avito_merch/internal/config/config.go:65.2,65.54 1 0
github.com/plasmatrip/avito_merch/internal/config/config.go:65.54,67.3 1 0
github.com/plasmatrip/avito_merch/internal/config/config.go:69.2,69.17 1 0
github.com/plasmatrip/avito_merch/internal/logger/logger.go:16.47,21.28 4 0
github.com/plasmatrip/avito_merch/internal/logger/logger.go:21.28,24.3 2 0
github.com/plasmatrip/avito_merch/internal/logger/logger.go:26.2,28.51 3 0
github.com/plasmatrip/avito_merch/internal/logger/logger.go:32.26,34.2 1 0
github.com/plasmatrip/avito_merch/internal/router/router.go:14.101,21.37 4 0
github.com/plasmatrip/avito_merch/internal/router/router.go:21.37,26.3 4 0
github.com/plasmatrip/avito_merch/internal/router/router.go:28.2,28.10 1 0
github.com/plasmatrip/avito_merch/internal/api/handlers/auth.go:18.65,21.65 2 0
github.com/plasmatrip/avito_merch/internal/api/handlers/auth.go:21.65,25.3 3 0
github.com/plasmatrip/avito_merch/internal/api/handlers/auth.go:27.2,27.54 1 0
github.com/plasmatrip/avito_merch/internal/api/handlers/auth.go:27.54,31.3 3 0
github.com/plasmatrip/avito_merch/internal/api/handlers/auth.go:33.2,34.16 2 0
github.com/plasmatrip/avito_merch/internal/api/handlers/auth.go:34.16,35.45 1 0
github.com/plasmatrip/avito_merch/internal/api/handlers/auth.go:35.45,36.46 1 0
github.com/plasmatrip/avito_merch/internal/api/handlers/auth.go:36.46,40.5 3 0
github.com/plasmatrip/avito_merch/internal/api/handlers/auth.go:43.3,45.9 3 0
github.com/plasmatrip/avito_merch/internal/api/handlers/auth.go:48.2,49.16 2 0
github.com/plasmatrip/avito_merch/internal/api/handlers/auth.go:49.16,53.3 3 0
github.com/plasmatrip/avito_merch/internal/api/handlers/auth.go:55.2,55.84 1 0
github.com/plasmatrip/avito_merch/internal/api/handlers/auth.go:55.84,59.3 3 0
github.com/plasmatrip/avito_merch/internal/api/handlers/auth.go:61.2,62.30 2 0
github.com/plasmatrip/avito_merch/internal/api/handlers/auth.go:65.78,77.16 4 0
github.com/plasmatrip/avito_merch/internal/api/handlers/auth.go:77.16,79.3 1 0
github.com/plasmatrip/avito_merch/internal/api/handlers/auth.go:81.2,81.15 1 0
github.com/plasmatrip/avito_merch/internal/api/handlers/buy.go:10.64,14.20 3 2
github.com/plasmatrip/avito_merch/internal/api/handlers/buy.go:14.20,18.3 3 0
github.com/plasmatrip/avito_merch/internal/api/handlers/buy.go:20.2,21.16 2 2
github.com/plasmatrip/avito_merch/internal/api/handlers/buy.go:21.16,25.3 3 1
github.com/plasmatrip/avito_merch/internal/api/handlers/buy.go:26.2,26.30 1 1
github.com/plasmatrip/avito_merch/internal/api/handlers/handlers.go:20.87,26.2 1 0
github.com/plasmatrip/avito_merch/internal/api/handlers/handlers.go:28.51,30.9 2 7
github.com/plasmatrip/avito_merch/internal/api/handlers/handlers.go:30.9,32.3 1 0
github.com/plasmatrip/avito_merch/internal/api/handlers/handlers.go:33.2,34.9 2 7
github.com/plasmatrip/avito_merch/internal/api/handlers/handlers.go:34.9,36.3 1 0
github.com/plasmatrip/avito_merch/internal/api/handlers/handlers.go:38.2,41.44 4 7
github.com/plasmatrip/avito_merch/internal/api/handlers/info.go:10.65,14.16 3 2
github.com/plasmatrip/avito_merch/internal/api/handlers/info.go:14.16,18.3 3 1
github.com/plasmatrip/avito_merch/internal/api/handlers/info.go:20.2,21.16 2 1
github.com/plasmatrip/avito_merch/internal/api/handlers/info.go:21.16,25.3 3 0
github.com/plasmatrip/avito_merch/internal/api/handlers/info.go:27.2,28.30 2 1
github.com/plasmatrip/avito_merch/internal/api/handlers/send_coin.go:11.69,14.64 2 6
github.com/plasmatrip/avito_merch/internal/api/handlers/send_coin.go:14.64,18.3 3 0
github.com/plasmatrip/avito_merch/internal/api/handlers/send_coin.go:20.2,20.43 1 6
github.com/plasmatrip/avito_merch/internal/api/handlers/send_coin.go:20.43,24.3 3 1
github.com/plasmatrip/avito_merch/internal/api/handlers/send_coin.go:26.2,26.20 1 5
github.com/plasmatrip/avito_merch/internal/api/handlers/send_coin.go:26.20,30.3 3 1
github.com/plasmatrip/avito_merch/internal/api/handlers/send_coin.go:32.2,35.16 3 4
github.com/plasmatrip/avito_merch/internal/api/handlers/send_coin.go:35.16,39.3 3 3
github.com/plasmatrip/avito_merch/internal/api/handlers/send_coin.go:40.2,40.30 1 1
github.com/plasmatrip/avito_merch/internal/config/config.go:31.36,39.16 3 0
github.com/plasmatrip/avito_merch/internal/config/config.go:39.16,41.3 1 0
github.com/plasmatrip/avito_merch/internal/config/config.go:44.2,44.66 1 0
github.com/plasmatrip/avito_merch/internal/config/config.go:44.66,46.3 1 0
github.com/plasmatrip/avito_merch/internal/config/config.go:49.2,49.39 1 0
github.com/plasmatrip/avito_merch/internal/config/config.go:49.39,51.3 1 0
github.com/plasmatrip/avito_merch/internal/config/config.go:53.2,53.53 1 0
github.com/plasmatrip/avito_merch/internal/config/config.go:53.53,55.3 1 0
github.com/plasmatrip/avito_merch/internal/config/config.go:57.2,57.54 1 0
github.com/plasmatrip/avito_merch/internal/config/config.go:57.54,59.3 1 0
github.com/plasmatrip/avito_merch/internal/config/config.go:61.2,61.51 1 0
github.com/plasmatrip/avito_merch/internal/config/config.go:61.51,63.3 1 0
github.com/plasmatrip/avito_merch/internal/config/config.go:65.2,65.54 1 0
github.com/plasmatrip/avito_merch/internal/config/config.go:65.54,67.3 1 0
github.com/plasmatrip/avito_merch/internal/config/config.go:69.2,69.17 1 0
github.com/plasmatrip/avito_merch/internal/logger/logger.go:16.47,21.28 4 1
github.com/plasmatrip/avito_merch/internal/logger/logger.go:21.28,24.3 2 1
github.com/plasmatrip/avito_merch/internal/logger/logger.go:26.2,28.51 3 1
github.com/plasmatrip/avito_merch/internal/logger/logger.go:32.26,34.2 1 0
github.com/plasmatrip/avito_merch/internal/logger/logger.go:16.47,21.28 4 1
github.com/plasmatrip/avito_merch/internal/logger/logger.go:21.28,24.3 2 1
github.com/plasmatrip/avito_merch/internal/logger/logger.go:26.2,28.51 3 1
github.com/plasmatrip/avito_merch/internal/logger/logger.go:32.26,34.2 1 0
github.com/plasmatrip/avito_merch/internal/storage/db/db.go:40.93,43.16 2 1
github.com/plasmatrip/avito_merch/internal/storage/db/db.go:43.16,44.43 1 0
github.com/plasmatrip/avito_merch/internal/storage/db/db.go:44.43,46.4 1 0
github.com/plasmatrip/avito_merch/internal/storage/db/db.go:46.9,48.4 1 0
github.com/plasmatrip/avito_merch/internal/storage/db/db.go:49.8,51.3 1 1
github.com/plasmatrip/avito_merch/internal/storage/db/db.go:54.2,56.16 2 1
github.com/plasmatrip/avito_merch/internal/storage/db/db.go:56.16,58.3 1 0
github.com/plasmatrip/avito_merch/internal/storage/db/db.go:60.2,63.8 1 1
github.com/plasmatrip/avito_merch/internal/storage/db/db.go:70.39,72.16 2 1
github.com/plasmatrip/avito_merch/internal/storage/db/db.go:72.16,74.3 1 0
github.com/plasmatrip/avito_merch/internal/storage/db/db.go:76.2,77.16 2 1
github.com/plasmatrip/avito_merch/internal/storage/db/db.go:77.16,79.3 1 0
github.com/plasmatrip/avito_merch/internal/storage/db/db.go:80.2,80.31 1 1
github.com/plasmatrip/avito_merch/internal/storage/db/db.go:80.31,81.43 1 0
github.com/plasmatrip/avito_merch/internal/storage/db/db.go:81.43,83.4 1 0
github.com/plasmatrip/avito_merch/internal/storage/db/db.go:84.3,84.13 1 0
github.com/plasmatrip/avito_merch/internal/storage/db/db.go:86.2,86.12 1 1
github.com/plasmatrip/avito_merch/internal/storage/db/db.go:90.53,92.2 1 1
github.com/plasmatrip/avito_merch/internal/storage/db/db.go:95.29,97.2 1 0
github.com/plasmatrip/avito_merch/internal/storage/db/db.go:100.95,105.16 4 8
github.com/plasmatrip/avito_merch/internal/storage/db/db.go:105.16,106.37 1 5
github.com/plasmatrip/avito_merch/internal/storage/db/db.go:106.37,108.4 1 0
github.com/plasmatrip/avito_merch/internal/storage/db/db.go:111.2,112.16 2 8
github.com/plasmatrip/avito_merch/internal/storage/db/db.go:112.16,114.3 1 0
github.com/plasmatrip/avito_merch/internal/storage/db/db.go:116.2,120.70 4 8
github.com/plasmatrip/avito_merch/internal/storage/db/db.go:120.70,122.3 1 5
github.com/plasmatrip/avito_merch/internal/storage/db/db.go:124.2,124.20 1 3
github.com/plasmatrip/avito_merch/internal/storage/db/db.go:128.99,130.16 2 8
github.com/plasmatrip/avito_merch/internal/storage/db/db.go:130.16,132.3 1 3
github.com/plasmatrip/avito_merch/internal/storage/db/db.go:134.2,146.16 6 5
github.com/plasmatrip/avito_merch/internal/storage/db/db.go:146.16,148.3 1 0
github.com/plasmatrip/avito_merch/internal/storage/db/db.go:150.2,150.16 1 5
github.com/plasmatrip/avito_merch/internal/storage/db/db.go:154.87,161.16 4 3
github.com/plasmatrip/avito_merch/internal/storage/db/db.go:161.16,162.27 1 1
github.com/plasmatrip/avito_merch/internal/storage/db/db.go:162.27,164.4 1 1
github.com/plasmatrip/avito_merch/internal/storage/db/db.go:165.3,165.13 1 0
github.com/plasmatrip/avito_merch/internal/storage/db/db.go:168.2,172.16 3 2
github.com/plasmatrip/avito_merch/internal/storage/db/db.go:172.16,173.27 1 0
github.com/plasmatrip/avito_merch/internal/storage/db/db.go:173.27,175.4 1 0
github.com/plasmatrip/avito_merch/internal/storage/db/db.go:176.3,176.13 1 0
github.com/plasmatrip/avito_merch/internal/storage/db/db.go:179.2,179.30 1 2
github.com/plasmatrip/avito_merch/internal/storage/db/db.go:179.30,181.3 1 0
github.com/plasmatrip/avito_merch/internal/storage/db/db.go:183.2,189.16 2 2
github.com/plasmatrip/avito_merch/internal/storage/db/db.go:189.16,191.3 1 0
github.com/plasmatrip/avito_merch/internal/storage/db/db.go:193.2,193.28 1 2
github.com/plasmatrip/avito_merch/internal/storage/db/db.go:193.28,195.3 1 0
github.com/plasmatrip/avito_merch/internal/storage/db/db.go:197.2,197.12 1 2
github.com/plasmatrip/avito_merch/internal/storage/db/db.go:201.109,208.16 3 7
github.com/plasmatrip/avito_merch/internal/storage/db/db.go:208.16,209.27 1 1
github.com/plasmatrip/avito_merch/internal/storage/db/db.go:209.27,211.4 1 1
github.com/plasmatrip/avito_merch/internal/storage/db/db.go:212.3,212.13 1 0
github.com/plasmatrip/avito_merch/internal/storage/db/db.go:216.2,216.35 1 6
github.com/plasmatrip/avito_merch/internal/storage/db/db.go:216.35,218.3 1 1
github.com/plasmatrip/avito_merch/internal/storage/db/db.go:220.2,225.16 3 5
github.com/plasmatrip/avito_merch/internal/storage/db/db.go:225.16,226.27 1 1
github.com/plasmatrip/avito_merch/internal/storage/db/db.go:226.27,228.4 1 1
github.com/plasmatrip/avito_merch/internal/storage/db/db.go:229.3,229.13 1 0
github.com/plasmatrip/avito_merch/internal/storage/db/db.go:233.2,233.24 1 4
github.com/plasmatrip/avito_merch/internal/storage/db/db.go:233.24,235.3 1 1
github.com/plasmatrip/avito_merch/internal/storage/db/db.go:238.2,239.16 2 3
github.com/plasmatrip/avito_merch/internal/storage/db/db.go:239.16,241.3 1 0
github.com/plasmatrip/avito_merch/internal/storage/db/db.go:244.2,244.21 1 3
github.com/plasmatrip/avito_merch/internal/storage/db/db.go:244.21,246.3 1 3
github.com/plasmatrip/avito_merch/internal/storage/db/db.go:249.2,253.16 2 3
github.com/plasmatrip/avito_merch/internal/storage/db/db.go:253.16,255.3 1 0
github.com/plasmatrip/avito_merch/internal/storage/db/db.go:258.2,262.16 2 3
github.com/plasmatrip/avito_merch/internal/storage/db/db.go:262.16,264.3 1 0
github.com/plasmatrip/avito_merch/internal/storage/db/db.go:267.2,272.16 2 3
github.com/plasmatrip/avito_merch/internal/storage/db/db.go:272.16,274.3 1 0
github.com/plasmatrip/avito_merch/internal/storage/db/db.go:276.2,277.16 2 3
github.com/plasmatrip/avito_merch/internal/storage/db/db.go:277.16,279.3 1 0
github.com/plasmatrip/avito_merch/internal/storage/db/db.go:281.2,281.12 1 3
github.com/plasmatrip/avito_merch/internal/storage/db/db.go:285.93,292.16 3 2
github.com/plasmatrip/avito_merch/internal/storage/db/db.go:292.16,293.27 1 1
github.com/plasmatrip/avito_merch/internal/storage/db/db.go:293.27,295.4 1 1
github.com/plasmatrip/avito_merch/internal/storage/db/db.go:296.3,296.35 1 0
github.com/plasmatrip/avito_merch/internal/storage/db/db.go:300.2,303.16 2 1
github.com/plasmatrip/avito_merch/internal/storage/db/db.go:303.16,305.3 1 0
github.com/plasmatrip/avito_merch/internal/storage/db/db.go:307.2,308.18 2 1
github.com/plasmatrip/avito_merch/internal/storage/db/db.go:308.18,315.17 3 1
github.com/plasmatrip/avito_merch/internal/storage/db/db.go:315.17,317.4 1 0
github.com/plasmatrip/avito_merch/internal/storage/db/db.go:319.3,319.69 1 1
github.com/plasmatrip/avito_merch/internal/storage/db/db.go:321.2,327.16 3 1
github.com/plasmatrip/avito_merch/internal/storage/db/db.go:327.16,329.3 1 0
github.com/plasmatrip/avito_merch/internal/storage/db/db.go:331.2,331.18 1 1
github.com/plasmatrip/avito_merch/internal/storage/db/db.go:331.18,339.17 3 2
github.com/plasmatrip/avito_merch/internal/storage/db/db.go:339.17,341.4 1 0
github.com/plasmatrip/avito_merch/internal/storage/db/db.go:343.3,343.33 1 2
github.com/plasmatrip/avito_merch/internal/storage/db/db.go:343.33,348.4 1 1
github.com/plasmatrip/avito_merch/internal/storage/db/db.go:348.9,353.4 1 1
github.com/plasmatrip/avito_merch/internal/storage/db/db.go:356.2,356.26 1 1
